<?xml version="1.0" encoding="UTF-8" ?>
<testsuite tests="19" failures="0" name="TestSuite" time="18.381" errors="0" skipped="0">
  <properties>
    <property name="java.runtime.name" value="OpenJDK Runtime Environment"/>
    <property name="java.vm.version" value="11.0.14+9-LTS"/>
    <property name="sun.boot.library.path" value="C:\Program Files\Amazon Corretto\jdk11.0.14_9\bin"/>
    <property name="maven.multiModuleProjectDirectory" value="D:\RestAssured_NAGP\RestAssured_NAGP"/>
    <property name="java.vm.vendor" value="Amazon.com Inc."/>
    <property name="java.vendor.url" value="https://aws.amazon.com/corretto/"/>
    <property name="guice.disable.misplaced.annotation.check" value="true"/>
    <property name="path.separator" value=";"/>
    <property name="java.vm.name" value="OpenJDK 64-Bit Server VM"/>
    <property name="sun.os.patch.level" value=""/>
    <property name="user.script" value=""/>
    <property name="user.country" value="IN"/>
    <property name="sun.java.launcher" value="SUN_STANDARD"/>
    <property name="java.vm.specification.name" value="Java Virtual Machine Specification"/>
    <property name="user.dir" value="D:\RestAssured_NAGP\RestAssured_NAGP"/>
    <property name="java.vm.compressedOopsMode" value="Zero based"/>
    <property name="java.runtime.version" value="11.0.14+9-LTS"/>
    <property name="java.awt.graphicsenv" value="sun.awt.Win32GraphicsEnvironment"/>
    <property name="os.arch" value="amd64"/>
    <property name="java.io.tmpdir" value="C:\Users\RAVITA~1\AppData\Local\Temp\"/>
    <property name="line.separator" value="
"/>
    <property name="java.vm.specification.vendor" value="Oracle Corporation"/>
    <property name="user.variant" value=""/>
    <property name="os.name" value="Windows 10"/>
    <property name="classworlds.conf" value="D:\apache-maven-3.8.4-bin\bin\m2.conf"/>
    <property name="sun.jnu.encoding" value="Cp1252"/>
    <property name="java.library.path" value="C:\Program Files\Amazon Corretto\jdk11.0.14_9\bin;C:\Windows\Sun\Java\bin;C:\Windows\system32;C:\Windows;C:\Program Files\Python39\Scripts\;C:\Program Files\Python39\;C:\Program Files\Amazon Corretto\jdk11.0.14_9\bin;C:\Windows\system32;C:\Windows;C:\Windows\System32\Wbem;C:\Windows\System32\WindowsPowerShell\v1.0\;C:\Windows\System32\OpenSSH\;C:\Program Files\TortoiseSVN\bin;C:\Program Files\PuTTY\;C:\Program Files\Git\cmd;C:\Program Files\nodejs\;C:\ProgramData\chocolatey\bin;C:\Program Files\Amazon Corretto\jdk11.0.14_9\bin;D:\apache-maven-3.8.4-bin\\bin;C:\Users\ravitalaugh\AppData\Local\Microsoft\WindowsApps;C:\Users\ravitalaugh\AppData\Local\Programs\Microsoft VS Code\bin;C:\Users\ravitalaugh\AppData\Roaming\npm;C:\Program Files\JetBrains\IntelliJ IDEA 2021.3.1\bin;;;."/>
    <property name="maven.conf" value="D:\apache-maven-3.8.4-bin/conf"/>
    <property name="jdk.debug" value="release"/>
    <property name="java.class.version" value="55.0"/>
    <property name="java.specification.name" value="Java Platform API Specification"/>
    <property name="sun.management.compiler" value="HotSpot 64-Bit Tiered Compilers"/>
    <property name="os.version" value="10.0"/>
    <property name="library.jansi.path" value="D:\apache-maven-3.8.4-bin\lib\jansi-native"/>
    <property name="user.home" value="C:\Users\ravitalaugh"/>
    <property name="user.timezone" value="Asia/Calcutta"/>
    <property name="java.awt.printerjob" value="sun.awt.windows.WPrinterJob"/>
    <property name="file.encoding" value="Cp1252"/>
    <property name="java.specification.version" value="11"/>
    <property name="user.name" value="ravitalaugh"/>
    <property name="java.class.path" value="D:\apache-maven-3.8.4-bin\boot\plexus-classworlds-2.6.0.jar"/>
    <property name="java.vm.specification.version" value="11"/>
    <property name="sun.arch.data.model" value="64"/>
    <property name="sun.java.command" value="org.codehaus.plexus.classworlds.launcher.Launcher clean test"/>
    <property name="java.home" value="C:\Program Files\Amazon Corretto\jdk11.0.14_9"/>
    <property name="user.language" value="en"/>
    <property name="java.specification.vendor" value="Oracle Corporation"/>
    <property name="awt.toolkit" value="sun.awt.windows.WToolkit"/>
    <property name="java.vm.info" value="mixed mode"/>
    <property name="java.version" value="11.0.14"/>
    <property name="java.vendor" value="Amazon.com Inc."/>
    <property name="sun.stderr.encoding" value="cp437"/>
    <property name="maven.home" value="D:\apache-maven-3.8.4-bin"/>
    <property name="file.separator" value="\"/>
    <property name="java.version.date" value="2022-01-18"/>
    <property name="java.vendor.url.bug" value="https://github.com/corretto/corretto-11/issues/"/>
    <property name="sun.io.unicode.encoding" value="UnicodeLittle"/>
    <property name="sun.cpu.endian" value="little"/>
    <property name="java.vendor.version" value="Corretto-11.0.14.9.1"/>
    <property name="sun.stdout.encoding" value="cp437"/>
    <property name="sun.desktop" value="windows"/>
    <property name="sun.cpu.isalist" value="amd64"/>
  </properties>
  <testcase classname="api_testcases.Test_flow1" name="createBoard" time="5.193"/>
  <testcase classname="api_testcases.Test_flow1" name="createList" time="0.771"/>
  <testcase classname="api_testcases.Test_flow1" name="getBoard" time="0.665"/>
  <testcase classname="api_testcases.Test_flow1" name="getFilteredList" time="0.58"/>
  <testcase classname="api_testcases.Test_flow1" name="inviteMembers" time="0.989"/>
  <testcase classname="api_testcases.Test_flow1" name="updateBoard" time="0.682"/>
  <testcase classname="api_testcases.Test_flow1" name="addMemberToBoard" time="0.676"/>
  <testcase classname="api_testcases.Test_flow1" name="removeMemberFromBoard" time="0.665"/>
  <testcase classname="api_testcases.Test_flow2" name="createBoard" time="0.854"/>
  <testcase classname="api_testcases.Test_flow2" name="createList" time="0.667"/>
  <testcase classname="api_testcases.Test_flow2" name="archiveList" time="0.66"/>
  <testcase classname="api_testcases.Test_flow2" name="createCard" time="0.725"/>
  <testcase classname="api_testcases.Test_flow2" name="updateList" time="0.62"/>
  <testcase classname="api_testcases.Test_flow3" name="createBoard" time="1.01"/>
  <testcase classname="api_testcases.Test_flow3" name="createList" time="0.645"/>
  <testcase classname="api_testcases.Test_flow3" name="createCard" time="0.773"/>
  <testcase classname="api_testcases.Test_flow3" name="createAttachmentOnCard" time="0.692"/>
  <testcase classname="api_testcases.Test_flow4" name="createBoard" time="0.773"/>
  <testcase classname="api_testcases.Test_flow5" name="createOrganisation" time="0.741"/>
</testsuite>