<?xml version="1.0" encoding="UTF-8"?>
<!-- Generated by org.testng.reporters.JUnitReportReporter -->
<testsuite hostname="IN-PG02P5ZW" failures="0" tests="8" name="api_testcases.Test_flow1" time="12.867" errors="0" timestamp="22 Feb 2022 14:22:36 GMT" skipped="0">
  <testcase classname="api_testcases.Test_flow1" name="getFilteredList" time="0.631"/>
  <testcase classname="api_testcases.Test_flow1" name="removeMemberFromBoard" time="0.705"/>
  <testcase classname="api_testcases.Test_flow1" name="createBoard" time="5.260"/>
  <testcase classname="api_testcases.Test_flow1" name="createList" time="2.401"/>
  <testcase classname="api_testcases.Test_flow1" name="inviteMembers" time="1.030"/>
  <testcase classname="api_testcases.Test_flow1" name="addMemberToBoard" time="1.224"/>
  <testcase classname="api_testcases.Test_flow1" name="updateBoard" time="0.872"/>
  <testcase classname="api_testcases.Test_flow1" name="getBoard" time="0.744"/>
</testsuite> <!-- api_testcases.Test_flow1 -->
