<?xml version="1.0" encoding="UTF-8"?>
<!-- Generated by org.testng.reporters.JUnitReportReporter -->
<testsuite hostname="IN-PG02P5ZW" failures="0" tests="4" name="api_testcases.Test_flow3" time="3.336" errors="0" timestamp="22 Feb 2022 14:22:36 GMT" skipped="0">
  <testcase classname="api_testcases.Test_flow3" name="createCard" time="0.818"/>
  <testcase classname="api_testcases.Test_flow3" name="createList" time="0.686"/>
  <testcase classname="api_testcases.Test_flow3" name="createBoard" time="1.091"/>
  <testcase classname="api_testcases.Test_flow3" name="createAttachmentOnCard" time="0.741"/>
</testsuite> <!-- api_testcases.Test_flow3 -->
