<?xml version="1.0" encoding="UTF-8"?>
<!-- Generated by org.testng.reporters.JUnitReportReporter -->
<testsuite hostname="IN-PG02P5ZW" failures="0" tests="1" name="api_testcases.Test_flow5" time="0.795" errors="0" timestamp="22 Feb 2022 14:22:36 GMT" skipped="0">
  <testcase classname="api_testcases.Test_flow5" name="createOrganisation" time="0.795"/>
</testsuite> <!-- api_testcases.Test_flow5 -->
