<?xml version="1.0" encoding="UTF-8"?>
<!-- Generated by org.testng.reporters.JUnitReportReporter -->
<testsuite hostname="IN-PG02P5ZW" failures="0" tests="5" name="api_testcases.Test_flow2" time="3.773" errors="0" timestamp="22 Feb 2022 14:22:36 GMT" skipped="0">
  <testcase classname="api_testcases.Test_flow2" name="updateList" time="0.666"/>
  <testcase classname="api_testcases.Test_flow2" name="archiveList" time="0.699"/>
  <testcase classname="api_testcases.Test_flow2" name="createCard" time="0.769"/>
  <testcase classname="api_testcases.Test_flow2" name="createBoard" time="0.926"/>
  <testcase classname="api_testcases.Test_flow2" name="createList" time="0.713"/>
</testsuite> <!-- api_testcases.Test_flow2 -->
